0 info it worked if it ends with ok
1 verbose cli [ 'C:\\Program Files\\nodejs\\node.exe',
1 verbose cli   'C:\\Program Files (x86)\\Nodist\\bin\\node_modules\\npm\\bin\\npm-cli.js',
1 verbose cli   'run',
1 verbose cli   'test' ]
2 info using npm@3.5.2
3 info using node@v4.5.0
4 verbose run-script [ 'pretest', 'test', 'posttest' ]
5 info lifecycle serv@0.1.0~pretest: serv@0.1.0
6 silly lifecycle serv@0.1.0~pretest: no script for pretest, continuing
7 info lifecycle serv@0.1.0~test: serv@0.1.0
8 verbose lifecycle serv@0.1.0~test: unsafe-perm in lifecycle true
9 verbose lifecycle serv@0.1.0~test: PATH: C:\Program Files (x86)\Nodist\bin\node_modules\npm\bin\node-gyp-bin;E:\Developpement\Tests\serv\node_modules\.bin;C:\ProgramData\Oracle\Java\javapath;C:\nodist\bin;C:\Program Files (x86)\Intel\iCLS Client\;C:\Program Files\Intel\iCLS Client\;C:\WINDOWS\system32;C:\WINDOWS;C:\WINDOWS\System32\Wbem;C:\WINDOWS\System32\WindowsPowerShell\v1.0\;C:\Program Files (x86)\Intel\OpenCL SDK\3.0\bin\x86;C:\Program Files (x86)\Intel\OpenCL SDK\3.0\bin\x64;C:\xampp\php;C:\ProgramData\ComposerSetup\bin;C:\Ruby193\bin\;C:\Program Files\Java\jdk1.7.0_45\bin;C:\Program Files\cURL\bin;C:\Program Files\Microsoft SQL Server\110\Tools\Binn\;C:\OpenSSL-Win64\bin;C:\Users\Admin\AppData\Roaming\npm;C:\Program Files (x86)\GnuWin32\bin;C:\Program Files (x86)\NVIDIA Corporation\PhysX\Common;C:\WINDOWS\system32;C:\WINDOWS;C:\WINDOWS\System32\Wbem;C:\WINDOWS\System32\WindowsPowerShell\v1.0\;C:\Program Files (x86)\Skype\Phone\;C:\Program Files (x86)\Extensis\Suitcase Fusion 5\;C:\Program Files\Git\cmd;C:\Program Files (x86)\Brackets\command;C:\Program Files\Intel\Intel(R) Management Engine Components\DAL;C:\Program Files (x86)\Intel\Intel(R) Management Engine Components\DAL;C:\Program Files\Intel\Intel(R) Management Engine Components\IPT;C:\Program Files (x86)\Intel\Intel(R) Management Engine Components\IPT;C:\Program Files\nodejs\;C:\Ruby193\bin;C:\Program Files\cURL\bin;C:\Program Files (x86)\GnuWin32\bin;C:\Program Files (x86)\FontForgeBuilds\bin;C:\ttf2eot;C:\batik;C:\ttfautohint;C:\Program Files (x86)\Nodist\bin;C:\Program Files (x86)\Microsoft VS Code\bin;C:\Program Files\Docker Toolbox;C:\Users\Admin\AppData\Roaming\npm;%USERPROFILE%\AppData\Local\Microsoft\WindowsApps;
10 verbose lifecycle serv@0.1.0~test: CWD: E:\Developpement\Tests\serv
11 silly lifecycle serv@0.1.0~test: Args: [ '/d /s /c', 'jest src' ]
12 silly lifecycle serv@0.1.0~test: Returned: code: 1  signal: null
13 info lifecycle serv@0.1.0~test: Failed to exec test script
14 verbose stack Error: serv@0.1.0 test: `jest src`
14 verbose stack Exit status 1
14 verbose stack     at EventEmitter.<anonymous> (C:\Program Files (x86)\Nodist\bin\node_modules\npm\lib\utils\lifecycle.js:232:16)
14 verbose stack     at emitTwo (events.js:87:13)
14 verbose stack     at EventEmitter.emit (events.js:172:7)
14 verbose stack     at ChildProcess.<anonymous> (C:\Program Files (x86)\Nodist\bin\node_modules\npm\lib\utils\spawn.js:24:14)
14 verbose stack     at emitTwo (events.js:87:13)
14 verbose stack     at ChildProcess.emit (events.js:172:7)
14 verbose stack     at maybeClose (internal/child_process.js:829:16)
14 verbose stack     at Process.ChildProcess._handle.onexit (internal/child_process.js:211:5)
15 verbose pkgid serv@0.1.0
16 verbose cwd E:\Developpement\Tests\serv
17 error Windows_NT 10.0.14393
18 error argv "C:\\Program Files\\nodejs\\node.exe" "C:\\Program Files (x86)\\Nodist\\bin\\node_modules\\npm\\bin\\npm-cli.js" "run" "test"
19 error node v4.5.0
20 error npm  v3.5.2
21 error code ELIFECYCLE
22 error serv@0.1.0 test: `jest src`
22 error Exit status 1
23 error Failed at the serv@0.1.0 test script 'jest src'.
23 error Make sure you have the latest version of node.js and npm installed.
23 error If you do, this is most likely a problem with the serv package,
23 error not with npm itself.
23 error Tell the author that this fails on your system:
23 error     jest src
23 error You can get information on how to open an issue for this project with:
23 error     npm bugs serv
23 error Or if that isn't available, you can get their info via:
23 error     npm owner ls serv
23 error There is likely additional logging output above.
24 verbose exit [ 1, true ]
